<?xml version="1.0" encoding="UTF-8"?>
<testsuites name="SKP Smoke Test Demo" time="61.648" tests="1" failures="0" errors="0">
   <testsuite name="Verify Login SKP" tests="1" failures="0" errors="0" time="49.77" skipped="0" timestamp="2023-02-07 22:51:05" hostname="bobbysaputra - 192.168.2.178" id="Test Suites/Login_Register/Verify Login SKP">
      <properties>
         <property name="deviceName" value=""/>
         <property name="devicePlatform" value=""/>
         <property name="logFolder" value="/Users/bobbysaputra/git/katalon-raqn-demo/Reports/20230207_225057/Login_Register/Verify Login SKP/20230207_225058"/>
         <property name="logFiles" value="/Users/bobbysaputra/git/katalon-raqn-demo/Reports/20230207_225057/Login_Register/Verify Login SKP/20230207_225058/execution0.log"/>
         <property name="attachments" value=""/>
         <property name="hostName" value="bobbysaputra - 192.168.2.178"/>
         <property name="os" value="Mac OS X 64bit"/>
         <property name="katalonVersion" value="8.5.5.208"/>
         <property name="browser" value="Chrome 107.0.0.0"/>
         <property name="hostAddress" value="192.168.2.178"/>
         <property name="sessionId" value="721c077e408338482e37a116eb81dd2b"/>
         <property name="seleniumVersion" value="3.141.59"/>
         <property name="proxyInformation" value="ProxyInformation { proxyOption=NO_PROXY, proxyServerType=HTTP, username=, password=********, proxyServerAddress=, proxyServerPort=0, executionList=&quot;&quot;, isApplyToDesiredCapabilities=true }"/>
         <property name="platform" value="Mac OS X"/>
      </properties>
      <testcase name="Test Cases/Login to SKP site/Verify Login SKP" time="49.616" classname="Test Cases/Login to SKP site/Verify Login SKP" status="PASSED">
         <system-out><![CDATA[2023-02-07 22:51:05 - [TEST_CASE][PASSED] - Test Cases/Login to SKP site/Verify Login SKP: Test Cases/Login to SKP site/Verify Login SKP

2023-02-07 22:51:06 - [TEST_STEP][PASSED] - openBrowser(""): Browser is opened with url: ''

2023-02-07 22:51:06 - [MESSAGE][INFO] - Starting 'Chrome' driver

2023-02-07 22:51:06 - [MESSAGE][INFO] - Action delay is set to 0 milliseconds

2023-02-07 22:51:09 - [MESSAGE][PASSED] - Browser is opened with url: ''

2023-02-07 22:51:09 - [TEST_STEP][PASSED] - navigateToUrl("https://eacademy-schwarzkopf-professional-com.ref.web.raqn.io/fr/fr/bienvenue/login.html/please-log-me-in"): Navigate to 'https://eacademy-schwarzkopf-professional-com.ref.web.raqn.io/fr/fr/bienvenue/login.html/please-log-me-in' successfully

2023-02-07 22:51:12 - [MESSAGE][PASSED] - Navigate to 'https://eacademy-schwarzkopf-professional-com.ref.web.raqn.io/fr/fr/bienvenue/login.html/please-log-me-in' successfully

2023-02-07 22:51:12 - [TEST_STEP][PASSED] - click(findTestObject("Object Repository/Page_Login/button_Autoriser tous les cookies")): Object: 'Object Repository/Page_Login/button_Autoriser tous les cookies' is clicked on

2023-02-07 22:51:13 - [MESSAGE][PASSED] - Object: 'Object Repository/Page_Login/button_Autoriser tous les cookies' is clicked on

2023-02-07 22:51:13 - [TEST_STEP][PASSED] - setEncryptedText(findTestObject("Object Repository/Page_Login/input_E-mail_username"), "13kZ8gQ78EDBcCNmg339zDKsqBmecz/GYnEFWYF0PJ8="): Text ****** has been set on object 'Object Repository/Page_Login/input_E-mail_username'

2023-02-07 22:51:14 - [MESSAGE][PASSED] - Text ****** has been set on object 'Object Repository/Page_Login/input_E-mail_username'

2023-02-07 22:51:14 - [TEST_STEP][PASSED] - setEncryptedText(findTestObject("Object Repository/Page_Login/input_Mot de passe_password"), "DwTTIjmC6TIdOW0tF9H0lw=="): Text ****** has been set on object 'Object Repository/Page_Login/input_Mot de passe_password'

2023-02-07 22:51:15 - [MESSAGE][PASSED] - Text ****** has been set on object 'Object Repository/Page_Login/input_Mot de passe_password'

2023-02-07 22:51:15 - [TEST_STEP][PASSED] - click(findTestObject("Object Repository/Page_Login/input_Vous avez oubli votre mot de passe_gi_d5d053")): Object: 'Object Repository/Page_Login/input_Vous avez oubli votre mot de passe_gi_d5d053' is clicked on

2023-02-07 22:51:15 - [MESSAGE][PASSED] - Object: 'Object Repository/Page_Login/input_Vous avez oubli votre mot de passe_gi_d5d053' is clicked on

2023-02-07 22:51:15 - [TEST_STEP][PASSED] - click(findTestObject("Page_Accueil/svg")): Object: 'Object Repository/Page_Accueil/svg' is clicked on

2023-02-07 22:51:32 - [MESSAGE][PASSED] - Object: 'Object Repository/Page_Accueil/svg' is clicked on

2023-02-07 22:51:32 - [TEST_STEP][PASSED] - mouseOver(findTestObject("Object Repository/Page_Accueil/button_BS")): Object: 'Object Repository/Page_Accueil/button_BS' is hovered

2023-02-07 22:51:49 - [MESSAGE][PASSED] - Object: 'Object Repository/Page_Accueil/button_BS' is hovered

2023-02-07 22:51:49 - [TEST_STEP][PASSED] - click(findTestObject("Object Repository/Page_Accueil/span_SE DCONNECTER")): Object: 'Object Repository/Page_Accueil/span_SE DCONNECTER' is clicked on

2023-02-07 22:51:55 - [MESSAGE][PASSED] - Object: 'Object Repository/Page_Accueil/span_SE DCONNECTER' is clicked on

2023-02-07 22:51:55 - [TEST_STEP][PASSED] - getUrl(): Current window's url is: 'https://eacademy-schwarzkopf-professional-com.ref.web.raqn.io/fr/fr.html'

2023-02-07 22:51:55 - [MESSAGE][PASSED] - Current window's url is: 'https://eacademy-schwarzkopf-professional-com.ref.web.raqn.io/fr/fr.html'

2023-02-07 22:51:55 - [TEST_STEP][PASSED] - closeBrowser(): Browser is closed

2023-02-07 22:51:55 - [MESSAGE][PASSED] - Browser is closed]]></system-out>
         <system-err><![CDATA[]]></system-err>
      </testcase>
      <system-out><![CDATA[2023-02-07 22:51:05 - [TEST_SUITE][PASSED] - Verify Login SKP: Test Cases/Login to SKP site/Verify Login SKP]]></system-out>
      <system-err><![CDATA[]]></system-err>
   </testsuite>
</testsuites>
