<?xml version="1.0" encoding="UTF-8"?>
<testsuites name="Adhesives smoke test" time="31.374" tests="1" failures="0" errors="0">
   <testsuite name="Adhesives smoke test" tests="1" failures="0" errors="0" time="31.374" skipped="0" timestamp="2023-01-13 17:11:01" hostname="bobbysaputra - 192.168.2.178" id="Test Suites/Adhesives smoke test">
      <properties>
         <property name="deviceName" value=""/>
         <property name="devicePlatform" value=""/>
         <property name="logFolder" value="/Users/bobbysaputra/Desktop/katalon-raqn-demo/Reports/20230113_171054/Adhesives smoke test/20230113_171054"/>
         <property name="logFiles" value="/Users/bobbysaputra/Desktop/katalon-raqn-demo/Reports/20230113_171054/Adhesives smoke test/20230113_171054/execution0.log"/>
         <property name="attachments" value=""/>
         <property name="hostName" value="bobbysaputra - 192.168.2.178"/>
         <property name="os" value="Mac OS X 64bit"/>
         <property name="katalonVersion" value="8.5.5.208"/>
         <property name="browser" value="Chrome 107.0.0.0"/>
         <property name="hostAddress" value="192.168.2.178"/>
         <property name="sessionId" value="1b58dc885d023680f35e11ac4d7ee932"/>
         <property name="seleniumVersion" value="3.141.59"/>
         <property name="proxyInformation" value="ProxyInformation { proxyOption=NO_PROXY, proxyServerType=HTTP, username=, password=********, proxyServerAddress=, proxyServerPort=0, executionList=&quot;&quot;, isApplyToDesiredCapabilities=true }"/>
         <property name="platform" value="Mac OS X"/>
      </properties>
      <testcase name="Test Cases/E2E_Test_ADH/Login_Ref_ADH" time="31.195" classname="Test Cases/E2E_Test_ADH/Login_Ref_ADH" status="PASSED">
         <system-out><![CDATA[2023-01-13 17:11:01 - [TEST_CASE][PASSED] - Test Cases/E2E_Test_ADH/Login_Ref_ADH: Test Cases/E2E_Test_ADH/Login_Ref_ADH

2023-01-13 17:11:01 - [TEST_STEP][PASSED] - openBrowser(""): Browser is opened with url: ''

2023-01-13 17:11:01 - [MESSAGE][INFO] - Starting 'Chrome' driver

2023-01-13 17:11:01 - [MESSAGE][INFO] - Action delay is set to 0 milliseconds

2023-01-13 17:11:04 - [MESSAGE][PASSED] - Browser is opened with url: ''

2023-01-13 17:11:05 - [TEST_STEP][PASSED] - navigateToUrl("https://www-beta-henkel-adhesives-com.ref.web.raqn.io/us/en.html/please-log-me-in"): Navigate to 'https://www-beta-henkel-adhesives-com.ref.web.raqn.io/us/en.html/please-log-me-in' successfully

2023-01-13 17:11:12 - [MESSAGE][PASSED] - Navigate to 'https://www-beta-henkel-adhesives-com.ref.web.raqn.io/us/en.html/please-log-me-in' successfully

2023-01-13 17:11:12 - [TEST_STEP][PASSED] - verifyElementVisible(findTestObject("Page_Henkel Adhesive Technologies/Text_Cookies_Adhesive")): Object 'Object Repository/Page_Henkel Adhesive Technologies/Text_Cookies_Adhesive' is visible

2023-01-13 17:11:13 - [MESSAGE][PASSED] - Object 'Object Repository/Page_Henkel Adhesive Technologies/Text_Cookies_Adhesive' is visible

2023-01-13 17:11:13 - [TEST_STEP][PASSED] - click(findTestObject("Page_Henkel Adhesive Technologies/button_Accept All Cookies")): Object: 'Object Repository/Page_Henkel Adhesive Technologies/button_Accept All Cookies' is clicked on

2023-01-13 17:11:14 - [MESSAGE][PASSED] - Object: 'Object Repository/Page_Henkel Adhesive Technologies/button_Accept All Cookies' is clicked on

2023-01-13 17:11:14 - [TEST_STEP][PASSED] - mouseOver(findTestObject("Page_Henkel Adhesive Technologies/heliux-icon")): Object: 'Object Repository/Page_Henkel Adhesive Technologies/heliux-icon' is hovered

2023-01-13 17:11:15 - [MESSAGE][PASSED] - Object: 'Object Repository/Page_Henkel Adhesive Technologies/heliux-icon' is hovered

2023-01-13 17:11:15 - [TEST_STEP][PASSED] - click(findTestObject("Page_Henkel Adhesive Technologies/a_LOG IN")): Object: 'Object Repository/Page_Henkel Adhesive Technologies/a_LOG IN' is clicked on

2023-01-13 17:11:16 - [MESSAGE][PASSED] - Object: 'Object Repository/Page_Henkel Adhesive Technologies/a_LOG IN' is clicked on

2023-01-13 17:11:16 - [TEST_STEP][PASSED] - switchToWindowIndex(0): Switched to window with index: '0'

2023-01-13 17:11:16 - [MESSAGE][PASSED] - Switched to window with index: '0'

2023-01-13 17:11:16 - [TEST_STEP][PASSED] - delay(2): Delayed 2 second(s)

2023-01-13 17:11:18 - [MESSAGE][PASSED] - Delayed 2 second(s)

2023-01-13 17:11:18 - [TEST_STEP][PASSED] - switchToWindowIndex(1): Switched to window with index: '1'

2023-01-13 17:11:18 - [MESSAGE][PASSED] - Switched to window with index: '1'

2023-01-13 17:11:18 - [TEST_STEP][PASSED] - delay(2): Delayed 2 second(s)

2023-01-13 17:11:20 - [MESSAGE][PASSED] - Delayed 2 second(s)

2023-01-13 17:11:20 - [TEST_STEP][PASSED] - getWindowTitle(): Current window's title is: 'Program Now Login'

2023-01-13 17:11:20 - [MESSAGE][PASSED] - Current window's title is: 'Program Now Login'

2023-01-13 17:11:20 - [TEST_STEP][PASSED] - verifyElementVisible(findTestObject("Page_Program Now Login/h1_Welcome to Henkel"), STOP_ON_FAILURE): Object 'Object Repository/Page_Program Now Login/h1_Welcome to Henkel' is visible

2023-01-13 17:11:21 - [MESSAGE][PASSED] - Object 'Object Repository/Page_Program Now Login/h1_Welcome to Henkel' is visible

2023-01-13 17:11:21 - [TEST_STEP][PASSED] - setText(findTestObject("Page_Program Now Login/input_Email Address_Email Address"), "programnow-ah@10minmail.de "): Text 'programnow-ah@10minmail.de ' is set on object 'Object Repository/Page_Program Now Login/input_Email Address_Email Address'

2023-01-13 17:11:22 - [MESSAGE][PASSED] - Text 'programnow-ah@10minmail.de ' is set on object 'Object Repository/Page_Program Now Login/input_Email Address_Email Address'

2023-01-13 17:11:22 - [TEST_STEP][PASSED] - setText(findTestObject("Page_Program Now Login/input_Forgot your password_Password"), "Test12345"): Text 'Test12345' is set on object 'Object Repository/Page_Program Now Login/input_Forgot your password_Password'

2023-01-13 17:11:23 - [MESSAGE][PASSED] - Text 'Test12345' is set on object 'Object Repository/Page_Program Now Login/input_Forgot your password_Password'

2023-01-13 17:11:23 - [TEST_STEP][PASSED] - click(findTestObject("Page_Program Now Login/button_Sign in")): Object: 'Object Repository/Page_Program Now Login/button_Sign in' is clicked on

2023-01-13 17:11:23 - [MESSAGE][PASSED] - Object: 'Object Repository/Page_Program Now Login/button_Sign in' is clicked on

2023-01-13 17:11:23 - [TEST_STEP][PASSED] - getWindowTitle(): Current window's title is: 'Program Now Login'

2023-01-13 17:11:23 - [MESSAGE][PASSED] - Current window's title is: 'Program Now Login'

2023-01-13 17:11:23 - [TEST_STEP][PASSED] - switchToWindowIndex(0): Switched to window with index: '0'

2023-01-13 17:11:23 - [MESSAGE][PASSED] - Switched to window with index: '0'

2023-01-13 17:11:23 - [TEST_STEP][PASSED] - mouseOver(findTestObject("Page_Henkel Adhesive Technologies/heliux-icon")): Object: 'Object Repository/Page_Henkel Adhesive Technologies/heliux-icon' is hovered

2023-01-13 17:11:24 - [MESSAGE][PASSED] - Object: 'Object Repository/Page_Henkel Adhesive Technologies/heliux-icon' is hovered

2023-01-13 17:11:24 - [TEST_STEP][PASSED] - verifyElementText(findTestObject("Page_Henkel Adhesive Technologies/h1_Hello Testing Account2"), "Hello Testing Account2!"): Actual text and expected text of test object 'Object Repository/Page_Henkel Adhesive Technologies/h1_Hello Testing Account2' are matched.

2023-01-13 17:11:31 - [MESSAGE][PASSED] - Actual text and expected text of test object 'Object Repository/Page_Henkel Adhesive Technologies/h1_Hello Testing Account2' are matched.

2023-01-13 17:11:31 - [TEST_STEP][PASSED] - verifyElementClickable(findTestObject("Page_Henkel Adhesive Technologies/a_My profile")): Object 'Object Repository/Page_Henkel Adhesive Technologies/a_My profile' is clickable

2023-01-13 17:11:31 - [MESSAGE][PASSED] - Object 'Object Repository/Page_Henkel Adhesive Technologies/a_My profile' is clickable

2023-01-13 17:11:31 - [TEST_STEP][PASSED] - verifyElementClickable(findTestObject("Page_Henkel Adhesive Technologies/a_LOG OUT")): Object 'Object Repository/Page_Henkel Adhesive Technologies/a_LOG OUT' is clickable

2023-01-13 17:11:31 - [MESSAGE][PASSED] - Object 'Object Repository/Page_Henkel Adhesive Technologies/a_LOG OUT' is clickable

2023-01-13 17:11:31 - [TEST_STEP][PASSED] - click(findTestObject("Page_Henkel Adhesive Technologies/a_LOG OUT")): Object: 'Object Repository/Page_Henkel Adhesive Technologies/a_LOG OUT' is clicked on

2023-01-13 17:11:32 - [MESSAGE][PASSED] - Object: 'Object Repository/Page_Henkel Adhesive Technologies/a_LOG OUT' is clicked on

2023-01-13 17:11:32 - [TEST_STEP][PASSED] - getWindowTitle(): Current window's title is: 'Henkel Adhesive Technologies'

2023-01-13 17:11:32 - [MESSAGE][PASSED] - Current window's title is: 'Henkel Adhesive Technologies'

2023-01-13 17:11:32 - [TEST_STEP][PASSED] - closeBrowser(): Browser is closed

2023-01-13 17:11:32 - [MESSAGE][PASSED] - Browser is closed]]></system-out>
         <system-err><![CDATA[]]></system-err>
      </testcase>
      <system-out><![CDATA[2023-01-13 17:11:01 - [TEST_SUITE][PASSED] - Adhesives smoke test: Test Cases/E2E_Test_ADH/Login_Ref_ADH]]></system-out>
      <system-err><![CDATA[]]></system-err>
   </testsuite>
</testsuites>
