<?xml version="1.0" encoding="UTF-8"?>
<testsuites name="SKP smoke test" time="229.858" tests="1" failures="0" errors="0">
   <testsuite name="SKP smoke test" tests="1" failures="0" errors="0" time="229.858" skipped="0" timestamp="2023-02-03 15:26:54" hostname="bobbysaputra - 192.168.2.178" id="Test Suites/SKP smoke test">
      <properties>
         <property name="deviceName" value=""/>
         <property name="devicePlatform" value=""/>
         <property name="logFolder" value="/Users/bobbysaputra/Desktop/katalon-raqn-demo/Reports/20230203_152645/SKP smoke test/20230203_152646"/>
         <property name="logFiles" value="/Users/bobbysaputra/Desktop/katalon-raqn-demo/Reports/20230203_152645/SKP smoke test/20230203_152646/execution0.log"/>
         <property name="attachments" value="/Users/bobbysaputra/Desktop/katalon-raqn-demo/Reports/20230203_152645/SKP smoke test/20230203_152646/1675434610824.png"/>
         <property name="hostName" value="bobbysaputra - 192.168.2.178"/>
         <property name="os" value="Mac OS X 64bit"/>
         <property name="katalonVersion" value="8.5.5.208"/>
         <property name="browser" value="Chrome 107.0.0.0"/>
         <property name="hostAddress" value="192.168.2.178"/>
         <property name="sessionId" value="ff9f5737f5f4635afae7b20d38198b32"/>
         <property name="seleniumVersion" value="3.141.59"/>
         <property name="proxyInformation" value="ProxyInformation { proxyOption=NO_PROXY, proxyServerType=HTTP, username=, password=********, proxyServerAddress=, proxyServerPort=0, executionList=&quot;&quot;, isApplyToDesiredCapabilities=true }"/>
         <property name="platform" value="Mac OS X"/>
      </properties>
      <testcase name="Test Cases/E2E_Test_SKP/Login_Ref_SKP" time="33.422" classname="Test Cases/E2E_Test_SKP/Login_Ref_SKP" status="INCOMPLETE">
         <system-out><![CDATA[2023-02-03 15:30:11 - [TEST_CASE][INCOMPLETE] - Test Cases/E2E_Test_SKP/Login_Ref_SKP: null

2023-02-03 15:30:11 - [TEST_STEP][PASSED] - openBrowser(""): Browser is opened with url: ''

2023-02-03 15:30:11 - [MESSAGE][WARNING] - A browser is already opened. Closing browser and opening a new one

2023-02-03 15:30:11 - [MESSAGE][INFO] - Starting 'Chrome' driver

2023-02-03 15:30:11 - [MESSAGE][INFO] - Action delay is set to 0 milliseconds

2023-02-03 15:30:13 - [MESSAGE][PASSED] - Browser is opened with url: ''

2023-02-03 15:30:13 - [TEST_STEP][PASSED] - navigateToUrl("https://eacademy-schwarzkopf-professional-com.ref.web.raqn.io/fr/fr/bienvenue/login.html/please-log-me-in"): Navigate to 'https://eacademy-schwarzkopf-professional-com.ref.web.raqn.io/fr/fr/bienvenue/login.html/please-log-me-in' successfully

2023-02-03 15:30:15 - [MESSAGE][PASSED] - Navigate to 'https://eacademy-schwarzkopf-professional-com.ref.web.raqn.io/fr/fr/bienvenue/login.html/please-log-me-in' successfully

2023-02-03 15:30:15 - [TEST_STEP][PASSED] - verifyElementVisible(findTestObject("Page_Welcome/button_Autoriser tous les cookies")): Object 'Object Repository/Page_Welcome/button_Autoriser tous les cookies' is visible

2023-02-03 15:30:17 - [MESSAGE][PASSED] - Object 'Object Repository/Page_Welcome/button_Autoriser tous les cookies' is visible

2023-02-03 15:30:17 - [TEST_STEP][PASSED] - click(findTestObject("Page_Welcome/button_Autoriser tous les cookies")): Object: 'Object Repository/Page_Welcome/button_Autoriser tous les cookies' is clicked on

2023-02-03 15:30:18 - [MESSAGE][PASSED] - Object: 'Object Repository/Page_Welcome/button_Autoriser tous les cookies' is clicked on

2023-02-03 15:30:18 - [TEST_STEP][PASSED] - getWindowTitle(): Current window's title is: 'Login'

2023-02-03 15:30:18 - [MESSAGE][PASSED] - Current window's title is: 'Login'

2023-02-03 15:30:18 - [TEST_STEP][PASSED] - verifyElementVisible(findTestObject("Page_Login/div_BIENVENUE  NOUVEAU               Connectez-vous  votre compte                    E-mail                                                                    Mot de passe"), STOP_ON_FAILURE): Object 'Object Repository/Page_Login/div_BIENVENUE  NOUVEAU               Connectez-vous  votre compte                    E-mail                                                                    Mot de passe' is visible

2023-02-03 15:30:18 - [MESSAGE][PASSED] - Object 'Object Repository/Page_Login/div_BIENVENUE  NOUVEAU               Connectez-vous  votre compte                    E-mail                                                                    Mot de passe' is visible

2023-02-03 15:30:18 - [TEST_STEP][PASSED] - setText(findTestObject("Page_Login/input_E-mail_username"), "bobby.saputra@henkel.com"): Text 'bobby.saputra@henkel.com' is set on object 'Object Repository/Page_Login/input_E-mail_username'

2023-02-03 15:30:19 - [MESSAGE][PASSED] - Text 'bobby.saputra@henkel.com' is set on object 'Object Repository/Page_Login/input_E-mail_username'

2023-02-03 15:30:19 - [TEST_STEP][PASSED] - setText(findTestObject("Page_Login/input_Mot de passe_password"), "Test123!!!"): Text 'Test123!!!' is set on object 'Object Repository/Page_Login/input_Mot de passe_password'

2023-02-03 15:30:20 - [MESSAGE][PASSED] - Text 'Test123!!!' is set on object 'Object Repository/Page_Login/input_Mot de passe_password'

2023-02-03 15:30:20 - [TEST_STEP][PASSED] - click(findTestObject("Page_Login/input_Vous avez oubli votre mot de passe_gigya-input-submit")): Object: 'Object Repository/Page_Login/input_Vous avez oubli votre mot de passe_gigya-input-submit' is clicked on

2023-02-03 15:30:21 - [MESSAGE][PASSED] - Object: 'Object Repository/Page_Login/input_Vous avez oubli votre mot de passe_gigya-input-submit' is clicked on

2023-02-03 15:30:21 - [TEST_STEP][PASSED] - verifyElementPresent(findTestObject("Page_Login/h2_Login in progress Title FR"), 0): Object 'Object Repository/Page_Login/h2_Login in progress Title FR' is present

2023-02-03 15:30:21 - [MESSAGE][WARNING] - Timeout '0' is invalid. Using default page load timeout: '30'

2023-02-03 15:30:23 - [MESSAGE][PASSED] - Object 'Object Repository/Page_Login/h2_Login in progress Title FR' is present

2023-02-03 15:30:23 - [TEST_STEP][PASSED] - delay(5): Delayed 5 second(s)

2023-02-03 15:30:28 - [MESSAGE][PASSED] - Delayed 5 second(s)

2023-02-03 15:30:28 - [TEST_STEP][PASSED] - delay(5): Delayed 5 second(s)

2023-02-03 15:30:33 - [MESSAGE][PASSED] - Delayed 5 second(s)

2023-02-03 15:30:33 - [TEST_STEP][PASSED] - getUrl(): Current window's url is: 'https://eacademy-schwarzkopf-professional-com.ref.web.raqn.io/fr/fr/bienvenue/login.html'

2023-02-03 15:30:33 - [MESSAGE][PASSED] - Current window's url is: 'https://eacademy-schwarzkopf-professional-com.ref.web.raqn.io/fr/fr/bienvenue/login.html'

2023-02-03 15:30:33 - [TEST_STEP][PASSED] - verifyElementVisible(findTestObject("Page_Accueil/a_ACCUEIL")): Object 'Object Repository/Page_Accueil/a_ACCUEIL' is visible

2023-02-03 15:30:33 - [MESSAGE][PASSED] - Object 'Object Repository/Page_Accueil/a_ACCUEIL' is visible

2023-02-03 15:30:33 - [TEST_STEP][PASSED] - verifyElementVisible(findTestObject("Page_Accueil/a_MON APPRENTISSAGE")): Object 'Object Repository/Page_Accueil/a_MON APPRENTISSAGE' is visible

2023-02-03 15:30:39 - [MESSAGE][PASSED] - Object 'Object Repository/Page_Accueil/a_MON APPRENTISSAGE' is visible

2023-02-03 15:30:39 - [TEST_STEP][PASSED] - verifyElementVisible(findTestObject("Page_Accueil/a_CATALOGUE")): Object 'Object Repository/Page_Accueil/a_CATALOGUE' is visible

2023-02-03 15:30:44 - [MESSAGE][PASSED] - Object 'Object Repository/Page_Accueil/a_CATALOGUE' is visible

2023-02-03 15:30:44 - [TEST_STEP][INCOMPLETE] - verifyElementVisible(findTestObject("Page_Accueil/h1_ASK EDUCATION")): null]]></system-out>
         <system-err><![CDATA[2023-02-03 15:30:11 - [TEST_CASE][INCOMPLETE] - Test Cases/E2E_Test_SKP/Login_Ref_SKP: null]]></system-err>
      </testcase>
      <system-out><![CDATA[2023-02-03 15:26:54 - [TEST_SUITE][INCOMPLETE] - SKP smoke test: null]]></system-out>
      <system-err><![CDATA[2023-02-03 15:26:54 - [TEST_SUITE][INCOMPLETE] - SKP smoke test: null]]></system-err>
   </testsuite>
</testsuites>
