<?xml version="1.0" encoding="UTF-8"?>
<testsuites name="Verify Login SKP" time="128.692" tests="1" failures="0" errors="0">
   <testsuite name="Verify Login SKP" tests="1" failures="0" errors="0" time="128.692" skipped="0" timestamp="2023-02-08 11:00:19" hostname="bobbysaputra - 192.168.2.178" id="Test Suites/Login_Register/Verify Login SKP">
      <properties>
         <property name="deviceName" value=""/>
         <property name="devicePlatform" value=""/>
         <property name="logFolder" value="/Users/bobbysaputra/git/katalon-raqn-demo/Reports/20230208_110009/Login_Register/Verify Login SKP/20230208_110010"/>
         <property name="logFiles" value="/Users/bobbysaputra/git/katalon-raqn-demo/Reports/20230208_110009/Login_Register/Verify Login SKP/20230208_110010/execution0.log"/>
         <property name="attachments" value=""/>
         <property name="hostName" value="bobbysaputra - 192.168.2.178"/>
         <property name="os" value="Mac OS X 64bit"/>
         <property name="katalonVersion" value="8.5.5.208"/>
         <property name="browser" value="Chrome 107.0.0.0"/>
         <property name="hostAddress" value="192.168.2.178"/>
         <property name="sessionId" value="ee5ee126c2df3dfb0bb28363e84551d8"/>
         <property name="seleniumVersion" value="3.141.59"/>
         <property name="proxyInformation" value="ProxyInformation { proxyOption=NO_PROXY, proxyServerType=HTTP, username=, password=********, proxyServerAddress=, proxyServerPort=0, executionList=&quot;&quot;, isApplyToDesiredCapabilities=true }"/>
         <property name="platform" value="Mac OS X"/>
      </properties>
      <testcase name="Test Cases/Login to SKP site/Verify Login SKP" time="128.51" classname="Test Cases/Login to SKP site/Verify Login SKP" status="PASSED">
         <system-out><![CDATA[2023-02-08 11:00:19 - [TEST_CASE][PASSED] - Test Cases/Login to SKP site/Verify Login SKP: Test Cases/Login to SKP site/Verify Login SKP

2023-02-08 11:00:20 - [TEST_STEP][PASSED] - openBrowser(""): Browser is opened with url: ''

2023-02-08 11:00:20 - [MESSAGE][INFO] - Starting 'Chrome' driver

2023-02-08 11:00:20 - [MESSAGE][INFO] - Action delay is set to 0 milliseconds

2023-02-08 11:00:23 - [MESSAGE][PASSED] - Browser is opened with url: ''

2023-02-08 11:00:23 - [TEST_STEP][PASSED] - navigateToUrl("https://eacademy-schwarzkopf-professional-com.ref.web.raqn.io/fr/fr/bienvenue/login.html/please-log-me-in"): Navigate to 'https://eacademy-schwarzkopf-professional-com.ref.web.raqn.io/fr/fr/bienvenue/login.html/please-log-me-in' successfully

2023-02-08 11:00:27 - [MESSAGE][PASSED] - Navigate to 'https://eacademy-schwarzkopf-professional-com.ref.web.raqn.io/fr/fr/bienvenue/login.html/please-log-me-in' successfully

2023-02-08 11:00:27 - [TEST_STEP][PASSED] - click(findTestObject("Object Repository/Page_Login/button_Autoriser tous les cookies")): Object: 'Object Repository/Page_Login/button_Autoriser tous les cookies' is clicked on

2023-02-08 11:00:30 - [MESSAGE][PASSED] - Object: 'Object Repository/Page_Login/button_Autoriser tous les cookies' is clicked on

2023-02-08 11:00:30 - [TEST_STEP][PASSED] - setEncryptedText(findTestObject("Object Repository/Page_Login/input_E-mail_username"), "13kZ8gQ78EDBcCNmg339zDKsqBmecz/GYnEFWYF0PJ8="): Text ****** has been set on object 'Object Repository/Page_Login/input_E-mail_username'

2023-02-08 11:00:32 - [MESSAGE][PASSED] - Text ****** has been set on object 'Object Repository/Page_Login/input_E-mail_username'

2023-02-08 11:00:32 - [TEST_STEP][PASSED] - setEncryptedText(findTestObject("Object Repository/Page_Login/input_Mot de passe_password"), "DwTTIjmC6TIdOW0tF9H0lw=="): Text ****** has been set on object 'Object Repository/Page_Login/input_Mot de passe_password'

2023-02-08 11:00:34 - [MESSAGE][PASSED] - Text ****** has been set on object 'Object Repository/Page_Login/input_Mot de passe_password'

2023-02-08 11:00:34 - [TEST_STEP][PASSED] - click(findTestObject("Object Repository/Page_Login/input_Vous avez oubli votre mot de passe_gi_d5d053")): Object: 'Object Repository/Page_Login/input_Vous avez oubli votre mot de passe_gi_d5d053' is clicked on

2023-02-08 11:00:37 - [MESSAGE][PASSED] - Object: 'Object Repository/Page_Login/input_Vous avez oubli votre mot de passe_gi_d5d053' is clicked on

2023-02-08 11:00:37 - [TEST_STEP][PASSED] - click(findTestObject("Page_Accueil/svg")): Object: 'Object Repository/Page_Accueil/svg' is clicked on

2023-02-08 11:01:11 - [MESSAGE][INFO] - Unable to find the element located by 'By.xpath: //button[@target='close']//span[@class='icon__svgWrap icon__svgWrap--initial icon__svgWrap--initial-only']//*[name()='svg']'. Please recheck the objects properties to make sure the desired element is located. 

2023-02-08 11:01:11 - [MESSAGE][WARNING] - [SELF-HEALING] Failed to find element with id 'Object Repository/Page_Accueil/svg'. Try using Self-healing.

2023-02-08 11:01:20 - [MESSAGE][INFO] - [SELF-HEALING] Failed Locator: '(.//*[normalize-space(text()) and normalize-space(.)='`'])[2]/following::*[name()='svg'][1]'.

2023-02-08 11:01:50 - [MESSAGE][INFO] - [SELF-HEALING] Failed Locator: '(.//*[normalize-space(text()) and normalize-space(.)='Alt'])[2]/following::*[name()='svg'][1]'.

2023-02-08 11:02:20 - [MESSAGE][INFO] - [SELF-HEALING] Working Locator: '(.//*[normalize-space(text()) and normalize-space(.)='Interests, skills and knowledge'])[1]/preceding::*[name()='svg'][1]'.

2023-02-08 11:02:21 - [MESSAGE][INFO] - [SELF-HEALING] Screenshot: /Users/bobbysaputra/git/katalon-raqn-demo/Reports/Self-healing/Object Repository/Page_Accueil/svg_neighbor.png

2023-02-08 11:02:21 - [MESSAGE][WARNING] - [SELF-HEALING] The current locator of test object 'Object Repository/Page_Accueil/svg' was broken. Propose an alternative one: '(.//*[normalize-space(text()) and normalize-space(.)='Interests, skills and knowledge'])[1]/preceding::*[name()='svg'][1]'.

2023-02-08 11:02:21 - [MESSAGE][PASSED] - Object: 'Object Repository/Page_Accueil/svg' is clicked on

2023-02-08 11:02:21 - [TEST_STEP][PASSED] - mouseOver(findTestObject("Object Repository/Page_Accueil/button_BS")): Object: 'Object Repository/Page_Accueil/button_BS' is hovered

2023-02-08 11:02:27 - [MESSAGE][PASSED] - Object: 'Object Repository/Page_Accueil/button_BS' is hovered

2023-02-08 11:02:27 - [TEST_STEP][PASSED] - click(findTestObject("Object Repository/Page_Accueil/span_SE DCONNECTER")): Object: 'Object Repository/Page_Accueil/span_SE DCONNECTER' is clicked on

2023-02-08 11:02:28 - [MESSAGE][PASSED] - Object: 'Object Repository/Page_Accueil/span_SE DCONNECTER' is clicked on

2023-02-08 11:02:28 - [TEST_STEP][PASSED] - getUrl(): Current window's url is: 'https://eacademy-schwarzkopf-professional-com.ref.web.raqn.io/fr/fr.html'

2023-02-08 11:02:28 - [MESSAGE][PASSED] - Current window's url is: 'https://eacademy-schwarzkopf-professional-com.ref.web.raqn.io/fr/fr.html'

2023-02-08 11:02:28 - [TEST_STEP][PASSED] - closeBrowser(): Browser is closed

2023-02-08 11:02:28 - [MESSAGE][PASSED] - Browser is closed]]></system-out>
         <system-err><![CDATA[]]></system-err>
      </testcase>
      <system-out><![CDATA[2023-02-08 11:00:19 - [TEST_SUITE][PASSED] - Verify Login SKP: Test Cases/Login to SKP site/Verify Login SKP]]></system-out>
      <system-err><![CDATA[]]></system-err>
   </testsuite>
</testsuites>
